{"__type":"$$EventMessageWorkflow","id":"a3e65106-358a-446a-b5d4-f67b22390874","ts":"2025-05-14T04:41:16.025+00:00","eventName":"n8n.workflow.started","message":"n8n.workflow.started","payload":{"executionId":"15","workflowId":"5yhsIDHmYpUtxMRb","isManual":false,"workflowName":"My workflow"}}
{"__type":"$$EventMessageConfirm","confirm":"a3e65106-358a-446a-b5d4-f67b22390874","ts":"2025-05-14T04:41:16.025+00:00","source":{"id":"0","name":"eventBus"}}
{"__type":"$$EventMessageNode","id":"1b821e60-4b4b-411c-8b47-aaf5d13bf7c7","ts":"2025-05-14T04:41:16.026+00:00","eventName":"n8n.node.started","message":"n8n.node.started","payload":{"workflowId":"5yhsIDHmYpUtxMRb","workflowName":"My workflow","executionId":"15","nodeType":"n8n-nodes-base.code","nodeName":"Code"}}
{"__type":"$$EventMessageConfirm","confirm":"1b821e60-4b4b-411c-8b47-aaf5d13bf7c7","ts":"2025-05-14T04:41:16.026+00:00","source":{"id":"0","name":"eventBus"}}
{"__type":"$$EventMessageNode","id":"d79b7c7a-f8cc-49b5-9ca6-0ae88cacb7d1","ts":"2025-05-14T10:11:16.042+05:30","eventName":"n8n.node.finished","message":"n8n.node.finished","payload":{"workflowId":"5yhsIDHmYpUtxMRb","workflowName":"My workflow","executionId":"15","nodeType":"n8n-nodes-base.code","nodeName":"Code"}}
{"__type":"$$EventMessageConfirm","confirm":"d79b7c7a-f8cc-49b5-9ca6-0ae88cacb7d1","ts":"2025-05-14T10:11:16.042+05:30","source":{"id":"0","name":"eventBus"}}
{"__type":"$$EventMessageWorkflow","id":"c4556126-f474-43ae-88ca-e5dd9a258615","ts":"2025-05-14T10:11:16.045+05:30","eventName":"n8n.workflow.success","message":"n8n.workflow.success","payload":{"executionId":"15","userId":"c4de3fea-c7ed-4a14-a921-02396ff7c1e1","success":true,"isManual":true,"workflowId":"5yhsIDHmYpUtxMRb","workflowName":"My workflow"}}
{"__type":"$$EventMessageConfirm","confirm":"c4556126-f474-43ae-88ca-e5dd9a258615","ts":"2025-05-14T10:11:16.045+05:30","source":{"id":"0","name":"eventBus"}}
{"__type":"$$EventMessageWorkflow","id":"fc42bc3a-6d1c-4042-82d4-e343042b69ec","ts":"2025-05-14T10:11:17.177+05:30","eventName":"n8n.workflow.started","message":"n8n.workflow.started","payload":{"executionId":"16","workflowId":"5yhsIDHmYpUtxMRb","isManual":false,"workflowName":"My workflow"}}
{"__type":"$$EventMessageConfirm","confirm":"fc42bc3a-6d1c-4042-82d4-e343042b69ec","ts":"2025-05-14T10:11:17.178+05:30","source":{"id":"0","name":"eventBus"}}
{"__type":"$$EventMessageNode","id":"867047fa-ef89-4b9e-a61d-e2e5c081bdd8","ts":"2025-05-14T10:11:17.178+05:30","eventName":"n8n.node.started","message":"n8n.node.started","payload":{"workflowId":"5yhsIDHmYpUtxMRb","workflowName":"My workflow","executionId":"16","nodeType":"n8n-nodes-base.code","nodeName":"Code"}}
{"__type":"$$EventMessageConfirm","confirm":"867047fa-ef89-4b9e-a61d-e2e5c081bdd8","ts":"2025-05-14T10:11:17.178+05:30","source":{"id":"0","name":"eventBus"}}
{"__type":"$$EventMessageNode","id":"a51eeb15-b99f-4302-9187-2124dd7b671d","ts":"2025-05-14T10:11:17.182+05:30","eventName":"n8n.node.finished","message":"n8n.node.finished","payload":{"workflowId":"5yhsIDHmYpUtxMRb","workflowName":"My workflow","executionId":"16","nodeType":"n8n-nodes-base.code","nodeName":"Code"}}
{"__type":"$$EventMessageConfirm","confirm":"a51eeb15-b99f-4302-9187-2124dd7b671d","ts":"2025-05-14T10:11:17.182+05:30","source":{"id":"0","name":"eventBus"}}
{"__type":"$$EventMessageWorkflow","id":"1414e9b1-e7f6-43f0-b2b2-30c30c5968f6","ts":"2025-05-14T10:11:17.183+05:30","eventName":"n8n.workflow.success","message":"n8n.workflow.success","payload":{"executionId":"16","userId":"c4de3fea-c7ed-4a14-a921-02396ff7c1e1","success":true,"isManual":true,"workflowId":"5yhsIDHmYpUtxMRb","workflowName":"My workflow"}}
{"__type":"$$EventMessageConfirm","confirm":"1414e9b1-e7f6-43f0-b2b2-30c30c5968f6","ts":"2025-05-14T10:11:17.184+05:30","source":{"id":"0","name":"eventBus"}}
{"__type":"$$EventMessageWorkflow","id":"e505db8b-104f-4a8d-b4e5-5ff03fc2be0a","ts":"2025-05-14T10:11:17.646+05:30","eventName":"n8n.workflow.started","message":"n8n.workflow.started","payload":{"executionId":"17","workflowId":"5yhsIDHmYpUtxMRb","isManual":false,"workflowName":"My workflow"}}
{"__type":"$$EventMessageConfirm","confirm":"e505db8b-104f-4a8d-b4e5-5ff03fc2be0a","ts":"2025-05-14T10:11:17.647+05:30","source":{"id":"0","name":"eventBus"}}
{"__type":"$$EventMessageNode","id":"d8fa05ca-5879-405f-9680-56585f0c450e","ts":"2025-05-14T10:11:17.647+05:30","eventName":"n8n.node.started","message":"n8n.node.started","payload":{"workflowId":"5yhsIDHmYpUtxMRb","workflowName":"My workflow","executionId":"17","nodeType":"n8n-nodes-base.code","nodeName":"Code"}}
{"__type":"$$EventMessageConfirm","confirm":"d8fa05ca-5879-405f-9680-56585f0c450e","ts":"2025-05-14T10:11:17.647+05:30","source":{"id":"0","name":"eventBus"}}
{"__type":"$$EventMessageNode","id":"80088bbb-4eec-4c4c-b387-dbfea5acb765","ts":"2025-05-14T10:11:17.651+05:30","eventName":"n8n.node.finished","message":"n8n.node.finished","payload":{"workflowId":"5yhsIDHmYpUtxMRb","workflowName":"My workflow","executionId":"17","nodeType":"n8n-nodes-base.code","nodeName":"Code"}}
{"__type":"$$EventMessageConfirm","confirm":"80088bbb-4eec-4c4c-b387-dbfea5acb765","ts":"2025-05-14T10:11:17.651+05:30","source":{"id":"0","name":"eventBus"}}
{"__type":"$$EventMessageWorkflow","id":"487ef87c-66ec-4a22-bc59-582bd55f4e6e","ts":"2025-05-14T10:11:17.652+05:30","eventName":"n8n.workflow.success","message":"n8n.workflow.success","payload":{"executionId":"17","userId":"c4de3fea-c7ed-4a14-a921-02396ff7c1e1","success":true,"isManual":true,"workflowId":"5yhsIDHmYpUtxMRb","workflowName":"My workflow"}}
{"__type":"$$EventMessageConfirm","confirm":"487ef87c-66ec-4a22-bc59-582bd55f4e6e","ts":"2025-05-14T10:11:17.652+05:30","source":{"id":"0","name":"eventBus"}}
{"__type":"$$EventMessageWorkflow","id":"3011b9cf-899c-46c3-9f43-911430a5eadb","ts":"2025-05-14T10:11:17.892+05:30","eventName":"n8n.workflow.started","message":"n8n.workflow.started","payload":{"executionId":"18","workflowId":"5yhsIDHmYpUtxMRb","isManual":false,"workflowName":"My workflow"}}
{"__type":"$$EventMessageConfirm","confirm":"3011b9cf-899c-46c3-9f43-911430a5eadb","ts":"2025-05-14T10:11:17.892+05:30","source":{"id":"0","name":"eventBus"}}
{"__type":"$$EventMessageNode","id":"5768fb12-69e8-4931-a937-c8a24b5e4698","ts":"2025-05-14T10:11:17.893+05:30","eventName":"n8n.node.started","message":"n8n.node.started","payload":{"workflowId":"5yhsIDHmYpUtxMRb","workflowName":"My workflow","executionId":"18","nodeType":"n8n-nodes-base.code","nodeName":"Code"}}
{"__type":"$$EventMessageConfirm","confirm":"5768fb12-69e8-4931-a937-c8a24b5e4698","ts":"2025-05-14T10:11:17.893+05:30","source":{"id":"0","name":"eventBus"}}
{"__type":"$$EventMessageNode","id":"eca81446-b208-4ef3-90be-6f33996f93ca","ts":"2025-05-14T10:11:17.897+05:30","eventName":"n8n.node.finished","message":"n8n.node.finished","payload":{"workflowId":"5yhsIDHmYpUtxMRb","workflowName":"My workflow","executionId":"18","nodeType":"n8n-nodes-base.code","nodeName":"Code"}}
{"__type":"$$EventMessageConfirm","confirm":"eca81446-b208-4ef3-90be-6f33996f93ca","ts":"2025-05-14T10:11:17.897+05:30","source":{"id":"0","name":"eventBus"}}
{"__type":"$$EventMessageWorkflow","id":"ea14bb43-7f17-48ba-99cd-5b07a98b9f7b","ts":"2025-05-14T10:11:17.898+05:30","eventName":"n8n.workflow.success","message":"n8n.workflow.success","payload":{"executionId":"18","userId":"c4de3fea-c7ed-4a14-a921-02396ff7c1e1","success":true,"isManual":true,"workflowId":"5yhsIDHmYpUtxMRb","workflowName":"My workflow"}}
{"__type":"$$EventMessageConfirm","confirm":"ea14bb43-7f17-48ba-99cd-5b07a98b9f7b","ts":"2025-05-14T10:11:17.898+05:30","source":{"id":"0","name":"eventBus"}}
{"__type":"$$EventMessageAudit","id":"cd3ca87b-d137-4530-b51e-a4d4f472337f","ts":"2025-05-14T10:12:13.339+05:30","eventName":"n8n.audit.workflow.deleted","message":"n8n.audit.workflow.deleted","payload":{"userId":"c4de3fea-c7ed-4a14-a921-02396ff7c1e1","_email":"abhaywani114@gmail.com","_firstName":"Abrar","_lastName":"Ajaz","globalRole":"global:owner","workflowId":"5yhsIDHmYpUtxMRb"}}
{"__type":"$$EventMessageConfirm","confirm":"cd3ca87b-d137-4530-b51e-a4d4f472337f","ts":"2025-05-14T10:12:13.339+05:30","source":{"id":"0","name":"eventBus"}}
{"__type":"$$EventMessageAudit","id":"5fdaeb95-8307-4689-9a2e-1201457320b2","ts":"2025-05-14T10:36:40.773+05:30","eventName":"n8n.audit.workflow.created","message":"n8n.audit.workflow.created","payload":{"userId":"c4de3fea-c7ed-4a14-a921-02396ff7c1e1","_email":"abhaywani114@gmail.com","_firstName":"Abrar","_lastName":"Ajaz","globalRole":"global:owner","workflowId":"hBsnUNlPFokZt2Hc","workflowName":"ICS Workflow"}}
{"__type":"$$EventMessageConfirm","confirm":"5fdaeb95-8307-4689-9a2e-1201457320b2","ts":"2025-05-14T10:36:40.773+05:30","source":{"id":"0","name":"eventBus"}}
{"__type":"$$EventMessageWorkflow","id":"84f113da-9207-4dac-a432-0a4dbc7fdfaf","ts":"2025-05-14T10:38:01.785+05:30","eventName":"n8n.workflow.started","message":"n8n.workflow.started","payload":{"executionId":"19","workflowId":"hBsnUNlPFokZt2Hc","isManual":false,"workflowName":"ICS Workflow"}}
{"__type":"$$EventMessageConfirm","confirm":"84f113da-9207-4dac-a432-0a4dbc7fdfaf","ts":"2025-05-14T10:38:01.785+05:30","source":{"id":"0","name":"eventBus"}}
{"__type":"$$EventMessageNode","id":"ded8c3c0-06e1-49d5-8f58-7dc4ad635501","ts":"2025-05-14T10:38:01.785+05:30","eventName":"n8n.node.started","message":"n8n.node.started","payload":{"workflowId":"hBsnUNlPFokZt2Hc","workflowName":"ICS Workflow","executionId":"19","nodeType":"n8n-nodes-base.scheduleTrigger","nodeName":"Schedule Trigger"}}
{"__type":"$$EventMessageConfirm","confirm":"ded8c3c0-06e1-49d5-8f58-7dc4ad635501","ts":"2025-05-14T10:38:01.785+05:30","source":{"id":"0","name":"eventBus"}}
{"__type":"$$EventMessageNode","id":"bd457c61-b329-41c0-a174-55cc5fb5055b","ts":"2025-05-14T10:38:01.790+05:30","eventName":"n8n.node.finished","message":"n8n.node.finished","payload":{"workflowId":"hBsnUNlPFokZt2Hc","workflowName":"ICS Workflow","executionId":"19","nodeType":"n8n-nodes-base.scheduleTrigger","nodeName":"Schedule Trigger"}}
{"__type":"$$EventMessageConfirm","confirm":"bd457c61-b329-41c0-a174-55cc5fb5055b","ts":"2025-05-14T10:38:01.790+05:30","source":{"id":"0","name":"eventBus"}}
{"__type":"$$EventMessageNode","id":"2b58597a-39e7-4c81-8181-f1f14df263e5","ts":"2025-05-14T10:38:01.790+05:30","eventName":"n8n.node.started","message":"n8n.node.started","payload":{"workflowId":"hBsnUNlPFokZt2Hc","workflowName":"ICS Workflow","executionId":"19","nodeType":"n8n-nodes-base.readWriteFile","nodeName":"Read/Write Files from Disk"}}
{"__type":"$$EventMessageConfirm","confirm":"2b58597a-39e7-4c81-8181-f1f14df263e5","ts":"2025-05-14T10:38:01.790+05:30","source":{"id":"0","name":"eventBus"}}
{"__type":"$$EventMessageNode","id":"27adc2ca-a20d-4b4d-8ffb-23570dfb1fb3","ts":"2025-05-14T10:38:01.793+05:30","eventName":"n8n.node.finished","message":"n8n.node.finished","payload":{"workflowId":"hBsnUNlPFokZt2Hc","workflowName":"ICS Workflow","executionId":"19","nodeType":"n8n-nodes-base.readWriteFile","nodeName":"Read/Write Files from Disk"}}
{"__type":"$$EventMessageConfirm","confirm":"27adc2ca-a20d-4b4d-8ffb-23570dfb1fb3","ts":"2025-05-14T10:38:01.793+05:30","source":{"id":"0","name":"eventBus"}}
{"__type":"$$EventMessageWorkflow","id":"840f5306-9787-427f-9182-95810653e67b","ts":"2025-05-14T10:38:01.794+05:30","eventName":"n8n.workflow.success","message":"n8n.workflow.success","payload":{"executionId":"19","userId":"c4de3fea-c7ed-4a14-a921-02396ff7c1e1","success":true,"isManual":true,"workflowId":"hBsnUNlPFokZt2Hc","workflowName":"ICS Workflow"}}
{"__type":"$$EventMessageConfirm","confirm":"840f5306-9787-427f-9182-95810653e67b","ts":"2025-05-14T10:38:01.794+05:30","source":{"id":"0","name":"eventBus"}}
{"__type":"$$EventMessageWorkflow","id":"1f2f8325-5637-4d39-ab06-42817cd62c6f","ts":"2025-05-14T10:38:06.970+05:30","eventName":"n8n.workflow.started","message":"n8n.workflow.started","payload":{"executionId":"20","workflowId":"hBsnUNlPFokZt2Hc","isManual":false,"workflowName":"ICS Workflow"}}
{"__type":"$$EventMessageConfirm","confirm":"1f2f8325-5637-4d39-ab06-42817cd62c6f","ts":"2025-05-14T10:38:06.970+05:30","source":{"id":"0","name":"eventBus"}}
{"__type":"$$EventMessageNode","id":"a25357d0-4aed-4225-9219-4ab0be9e5c14","ts":"2025-05-14T10:38:06.970+05:30","eventName":"n8n.node.started","message":"n8n.node.started","payload":{"workflowId":"hBsnUNlPFokZt2Hc","workflowName":"ICS Workflow","executionId":"20","nodeType":"n8n-nodes-base.readWriteFile","nodeName":"Read/Write Files from Disk"}}
{"__type":"$$EventMessageConfirm","confirm":"a25357d0-4aed-4225-9219-4ab0be9e5c14","ts":"2025-05-14T10:38:06.970+05:30","source":{"id":"0","name":"eventBus"}}
{"__type":"$$EventMessageNode","id":"f8994a04-3547-4bb4-8906-86c481e7ccc1","ts":"2025-05-14T10:38:06.971+05:30","eventName":"n8n.node.finished","message":"n8n.node.finished","payload":{"workflowId":"hBsnUNlPFokZt2Hc","workflowName":"ICS Workflow","executionId":"20","nodeType":"n8n-nodes-base.readWriteFile","nodeName":"Read/Write Files from Disk"}}
{"__type":"$$EventMessageConfirm","confirm":"f8994a04-3547-4bb4-8906-86c481e7ccc1","ts":"2025-05-14T10:38:06.971+05:30","source":{"id":"0","name":"eventBus"}}
{"__type":"$$EventMessageWorkflow","id":"5441cfa7-b61b-44af-9246-3f8eea14ad8d","ts":"2025-05-14T10:38:06.972+05:30","eventName":"n8n.workflow.success","message":"n8n.workflow.success","payload":{"executionId":"20","userId":"c4de3fea-c7ed-4a14-a921-02396ff7c1e1","success":true,"isManual":true,"workflowId":"hBsnUNlPFokZt2Hc","workflowName":"ICS Workflow"}}
{"__type":"$$EventMessageConfirm","confirm":"5441cfa7-b61b-44af-9246-3f8eea14ad8d","ts":"2025-05-14T10:38:06.972+05:30","source":{"id":"0","name":"eventBus"}}
{"__type":"$$EventMessageWorkflow","id":"31a68d8b-9f29-4424-8452-7678e342b6e3","ts":"2025-05-14T10:38:27.665+05:30","eventName":"n8n.workflow.started","message":"n8n.workflow.started","payload":{"executionId":"21","workflowId":"hBsnUNlPFokZt2Hc","isManual":false,"workflowName":"ICS Workflow"}}
{"__type":"$$EventMessageConfirm","confirm":"31a68d8b-9f29-4424-8452-7678e342b6e3","ts":"2025-05-14T10:38:27.666+05:30","source":{"id":"0","name":"eventBus"}}
{"__type":"$$EventMessageNode","id":"bb1fd350-7ab1-4096-873f-51bf1549a0ef","ts":"2025-05-14T10:38:27.667+05:30","eventName":"n8n.node.started","message":"n8n.node.started","payload":{"workflowId":"hBsnUNlPFokZt2Hc","workflowName":"ICS Workflow","executionId":"21","nodeType":"n8n-nodes-base.readWriteFile","nodeName":"Read/Write Files from Disk"}}
{"__type":"$$EventMessageConfirm","confirm":"bb1fd350-7ab1-4096-873f-51bf1549a0ef","ts":"2025-05-14T10:38:27.667+05:30","source":{"id":"0","name":"eventBus"}}
{"__type":"$$EventMessageNode","id":"f16529a1-726b-4b12-b182-84a95e069be4","ts":"2025-05-14T10:38:27.687+05:30","eventName":"n8n.node.finished","message":"n8n.node.finished","payload":{"workflowId":"hBsnUNlPFokZt2Hc","workflowName":"ICS Workflow","executionId":"21","nodeType":"n8n-nodes-base.readWriteFile","nodeName":"Read/Write Files from Disk"}}
{"__type":"$$EventMessageConfirm","confirm":"f16529a1-726b-4b12-b182-84a95e069be4","ts":"2025-05-14T10:38:27.688+05:30","source":{"id":"0","name":"eventBus"}}
{"__type":"$$EventMessageWorkflow","id":"051bd882-0e5a-4f1c-a180-c12dabe9f8e1","ts":"2025-05-14T10:38:27.697+05:30","eventName":"n8n.workflow.success","message":"n8n.workflow.success","payload":{"executionId":"21","userId":"c4de3fea-c7ed-4a14-a921-02396ff7c1e1","success":true,"isManual":true,"workflowId":"hBsnUNlPFokZt2Hc","workflowName":"ICS Workflow"}}
{"__type":"$$EventMessageConfirm","confirm":"051bd882-0e5a-4f1c-a180-c12dabe9f8e1","ts":"2025-05-14T10:38:27.697+05:30","source":{"id":"0","name":"eventBus"}}
{"__type":"$$EventMessageWorkflow","id":"853e29c5-6b32-4f49-9313-5834f3ba21ac","ts":"2025-05-14T10:39:34.285+05:30","eventName":"n8n.workflow.started","message":"n8n.workflow.started","payload":{"executionId":"22","workflowId":"hBsnUNlPFokZt2Hc","isManual":false,"workflowName":"ICS Workflow"}}
{"__type":"$$EventMessageConfirm","confirm":"853e29c5-6b32-4f49-9313-5834f3ba21ac","ts":"2025-05-14T10:39:34.285+05:30","source":{"id":"0","name":"eventBus"}}
{"__type":"$$EventMessageNode","id":"b35d9e10-bd7b-458e-9eec-e15c1033537a","ts":"2025-05-14T10:39:34.291+05:30","eventName":"n8n.node.started","message":"n8n.node.started","payload":{"workflowId":"hBsnUNlPFokZt2Hc","workflowName":"ICS Workflow","executionId":"22","nodeType":"n8n-nodes-base.readWriteFile","nodeName":"Read/Write Files from Disk"}}
{"__type":"$$EventMessageConfirm","confirm":"b35d9e10-bd7b-458e-9eec-e15c1033537a","ts":"2025-05-14T10:39:34.291+05:30","source":{"id":"0","name":"eventBus"}}
{"__type":"$$EventMessageNode","id":"db08b919-c4f1-4802-a521-4e3f946780ae","ts":"2025-05-14T10:39:34.305+05:30","eventName":"n8n.node.finished","message":"n8n.node.finished","payload":{"workflowId":"hBsnUNlPFokZt2Hc","workflowName":"ICS Workflow","executionId":"22","nodeType":"n8n-nodes-base.readWriteFile","nodeName":"Read/Write Files from Disk"}}
{"__type":"$$EventMessageConfirm","confirm":"db08b919-c4f1-4802-a521-4e3f946780ae","ts":"2025-05-14T10:39:34.306+05:30","source":{"id":"0","name":"eventBus"}}
{"__type":"$$EventMessageWorkflow","id":"1e475ec9-564f-442d-b102-5d1c1770090b","ts":"2025-05-14T10:39:34.320+05:30","eventName":"n8n.workflow.success","message":"n8n.workflow.success","payload":{"executionId":"22","userId":"c4de3fea-c7ed-4a14-a921-02396ff7c1e1","success":true,"isManual":true,"workflowId":"hBsnUNlPFokZt2Hc","workflowName":"ICS Workflow"}}
{"__type":"$$EventMessageConfirm","confirm":"1e475ec9-564f-442d-b102-5d1c1770090b","ts":"2025-05-14T10:39:34.320+05:30","source":{"id":"0","name":"eventBus"}}
{"__type":"$$EventMessageWorkflow","id":"59d615b2-3b18-4e57-817d-0915f4649bbd","ts":"2025-05-14T10:41:11.339+05:30","eventName":"n8n.workflow.started","message":"n8n.workflow.started","payload":{"executionId":"23","workflowId":"hBsnUNlPFokZt2Hc","isManual":false,"workflowName":"ICS Workflow"}}
{"__type":"$$EventMessageConfirm","confirm":"59d615b2-3b18-4e57-817d-0915f4649bbd","ts":"2025-05-14T10:41:11.339+05:30","source":{"id":"0","name":"eventBus"}}
{"__type":"$$EventMessageNode","id":"9a1a67e1-cb52-46eb-a4f3-262bc79e2acd","ts":"2025-05-14T10:41:11.339+05:30","eventName":"n8n.node.started","message":"n8n.node.started","payload":{"workflowId":"hBsnUNlPFokZt2Hc","workflowName":"ICS Workflow","executionId":"23","nodeType":"n8n-nodes-base.httpRequest","nodeName":"HTTP Request for ICS file"}}
{"__type":"$$EventMessageConfirm","confirm":"9a1a67e1-cb52-46eb-a4f3-262bc79e2acd","ts":"2025-05-14T10:41:11.339+05:30","source":{"id":"0","name":"eventBus"}}
{"__type":"$$EventMessageNode","id":"d5283c03-3721-4da7-b7ad-55bffd6b5fb1","ts":"2025-05-14T10:41:13.599+05:30","eventName":"n8n.node.finished","message":"n8n.node.finished","payload":{"workflowId":"hBsnUNlPFokZt2Hc","workflowName":"ICS Workflow","executionId":"23","nodeType":"n8n-nodes-base.httpRequest","nodeName":"HTTP Request for ICS file"}}
{"__type":"$$EventMessageConfirm","confirm":"d5283c03-3721-4da7-b7ad-55bffd6b5fb1","ts":"2025-05-14T10:41:13.599+05:30","source":{"id":"0","name":"eventBus"}}
{"__type":"$$EventMessageWorkflow","id":"95b4cac6-c9db-43de-a292-b3c5e592e5ba","ts":"2025-05-14T10:41:13.601+05:30","eventName":"n8n.workflow.success","message":"n8n.workflow.success","payload":{"executionId":"23","userId":"c4de3fea-c7ed-4a14-a921-02396ff7c1e1","success":true,"isManual":true,"workflowId":"hBsnUNlPFokZt2Hc","workflowName":"ICS Workflow"}}
{"__type":"$$EventMessageConfirm","confirm":"95b4cac6-c9db-43de-a292-b3c5e592e5ba","ts":"2025-05-14T10:41:13.601+05:30","source":{"id":"0","name":"eventBus"}}
{"__type":"$$EventMessageWorkflow","id":"ddaed0f8-88ba-45b7-bf63-f46f22cb76e0","ts":"2025-05-14T10:42:20.164+05:30","eventName":"n8n.workflow.started","message":"n8n.workflow.started","payload":{"executionId":"24","workflowId":"hBsnUNlPFokZt2Hc","isManual":false,"workflowName":"ICS Workflow"}}
{"__type":"$$EventMessageConfirm","confirm":"ddaed0f8-88ba-45b7-bf63-f46f22cb76e0","ts":"2025-05-14T10:42:20.164+05:30","source":{"id":"0","name":"eventBus"}}
{"__type":"$$EventMessageNode","id":"acf0d161-f2a5-4cbd-a6b9-57f689d1880b","ts":"2025-05-14T10:42:20.165+05:30","eventName":"n8n.node.started","message":"n8n.node.started","payload":{"workflowId":"hBsnUNlPFokZt2Hc","workflowName":"ICS Workflow","executionId":"24","nodeType":"n8n-nodes-base.convertToFile","nodeName":"Convert to File"}}
{"__type":"$$EventMessageConfirm","confirm":"acf0d161-f2a5-4cbd-a6b9-57f689d1880b","ts":"2025-05-14T10:42:20.165+05:30","source":{"id":"0","name":"eventBus"}}
{"__type":"$$EventMessageNode","id":"ff78250e-6474-4ea4-aa15-c71ed11e7c38","ts":"2025-05-14T10:42:20.173+05:30","eventName":"n8n.node.finished","message":"n8n.node.finished","payload":{"workflowId":"hBsnUNlPFokZt2Hc","workflowName":"ICS Workflow","executionId":"24","nodeType":"n8n-nodes-base.convertToFile","nodeName":"Convert to File"}}
{"__type":"$$EventMessageConfirm","confirm":"ff78250e-6474-4ea4-aa15-c71ed11e7c38","ts":"2025-05-14T10:42:20.173+05:30","source":{"id":"0","name":"eventBus"}}
{"__type":"$$EventMessageWorkflow","id":"9daa4016-063c-43cf-bcbf-540c74db99fb","ts":"2025-05-14T10:42:20.175+05:30","eventName":"n8n.workflow.success","message":"n8n.workflow.success","payload":{"executionId":"24","userId":"c4de3fea-c7ed-4a14-a921-02396ff7c1e1","success":true,"isManual":true,"workflowId":"hBsnUNlPFokZt2Hc","workflowName":"ICS Workflow"}}
{"__type":"$$EventMessageConfirm","confirm":"9daa4016-063c-43cf-bcbf-540c74db99fb","ts":"2025-05-14T10:42:20.176+05:30","source":{"id":"0","name":"eventBus"}}
{"__type":"$$EventMessageWorkflow","id":"3f01159f-a402-49a9-b311-15cb58e9c705","ts":"2025-05-14T10:42:29.584+05:30","eventName":"n8n.workflow.started","message":"n8n.workflow.started","payload":{"executionId":"25","workflowId":"hBsnUNlPFokZt2Hc","isManual":false,"workflowName":"ICS Workflow"}}
{"__type":"$$EventMessageConfirm","confirm":"3f01159f-a402-49a9-b311-15cb58e9c705","ts":"2025-05-14T10:42:29.584+05:30","source":{"id":"0","name":"eventBus"}}
{"__type":"$$EventMessageNode","id":"3acb539b-7c2c-4e4a-af36-d247ddeeb643","ts":"2025-05-14T10:42:29.586+05:30","eventName":"n8n.node.started","message":"n8n.node.started","payload":{"workflowId":"hBsnUNlPFokZt2Hc","workflowName":"ICS Workflow","executionId":"25","nodeType":"n8n-nodes-base.convertToFile","nodeName":"Convert to File"}}
{"__type":"$$EventMessageConfirm","confirm":"3acb539b-7c2c-4e4a-af36-d247ddeeb643","ts":"2025-05-14T10:42:29.587+05:30","source":{"id":"0","name":"eventBus"}}
{"__type":"$$EventMessageNode","id":"59a293fb-3451-4a4a-9eb4-71301b8c125f","ts":"2025-05-14T10:42:29.588+05:30","eventName":"n8n.node.finished","message":"n8n.node.finished","payload":{"workflowId":"hBsnUNlPFokZt2Hc","workflowName":"ICS Workflow","executionId":"25","nodeType":"n8n-nodes-base.convertToFile","nodeName":"Convert to File"}}
{"__type":"$$EventMessageConfirm","confirm":"59a293fb-3451-4a4a-9eb4-71301b8c125f","ts":"2025-05-14T10:42:29.588+05:30","source":{"id":"0","name":"eventBus"}}
{"__type":"$$EventMessageWorkflow","id":"5cbc7f24-e427-494e-b9d5-076bedaa86ad","ts":"2025-05-14T10:42:29.591+05:30","eventName":"n8n.workflow.success","message":"n8n.workflow.success","payload":{"executionId":"25","userId":"c4de3fea-c7ed-4a14-a921-02396ff7c1e1","success":true,"isManual":true,"workflowId":"hBsnUNlPFokZt2Hc","workflowName":"ICS Workflow"}}
{"__type":"$$EventMessageConfirm","confirm":"5cbc7f24-e427-494e-b9d5-076bedaa86ad","ts":"2025-05-14T10:42:29.591+05:30","source":{"id":"0","name":"eventBus"}}
{"__type":"$$EventMessageWorkflow","id":"0c52ed25-4d20-43f6-ac23-337753623616","ts":"2025-05-14T10:43:43.051+05:30","eventName":"n8n.workflow.started","message":"n8n.workflow.started","payload":{"executionId":"26","workflowId":"hBsnUNlPFokZt2Hc","isManual":false,"workflowName":"ICS Workflow"}}
{"__type":"$$EventMessageConfirm","confirm":"0c52ed25-4d20-43f6-ac23-337753623616","ts":"2025-05-14T10:43:43.051+05:30","source":{"id":"0","name":"eventBus"}}
{"__type":"$$EventMessageNode","id":"12d0ea28-f3c2-41a6-b8f7-8bc1fbcba042","ts":"2025-05-14T10:43:43.053+05:30","eventName":"n8n.node.started","message":"n8n.node.started","payload":{"workflowId":"hBsnUNlPFokZt2Hc","workflowName":"ICS Workflow","executionId":"26","nodeType":"n8n-nodes-base.readWriteFile","nodeName":"Save remote ics file"}}
{"__type":"$$EventMessageConfirm","confirm":"12d0ea28-f3c2-41a6-b8f7-8bc1fbcba042","ts":"2025-05-14T10:43:43.054+05:30","source":{"id":"0","name":"eventBus"}}
{"__type":"$$EventMessageNode","id":"123e2bba-5ea9-4a9b-b64e-a7a2ffa390f4","ts":"2025-05-14T10:43:43.061+05:30","eventName":"n8n.node.finished","message":"n8n.node.finished","payload":{"workflowId":"hBsnUNlPFokZt2Hc","workflowName":"ICS Workflow","executionId":"26","nodeType":"n8n-nodes-base.readWriteFile","nodeName":"Save remote ics file"}}
{"__type":"$$EventMessageConfirm","confirm":"123e2bba-5ea9-4a9b-b64e-a7a2ffa390f4","ts":"2025-05-14T10:43:43.061+05:30","source":{"id":"0","name":"eventBus"}}
{"__type":"$$EventMessageWorkflow","id":"3a51a280-3da7-478d-96c8-7a585b657991","ts":"2025-05-14T10:43:43.064+05:30","eventName":"n8n.workflow.success","message":"n8n.workflow.success","payload":{"executionId":"26","userId":"c4de3fea-c7ed-4a14-a921-02396ff7c1e1","success":true,"isManual":true,"workflowId":"hBsnUNlPFokZt2Hc","workflowName":"ICS Workflow"}}
{"__type":"$$EventMessageConfirm","confirm":"3a51a280-3da7-478d-96c8-7a585b657991","ts":"2025-05-14T10:43:43.064+05:30","source":{"id":"0","name":"eventBus"}}
{"__type":"$$EventMessageAudit","id":"a8ab0454-0d47-4f14-b71f-2afc1861d236","ts":"2025-05-14T10:44:19.431+05:30","eventName":"n8n.audit.workflow.updated","message":"n8n.audit.workflow.updated","payload":{"userId":"c4de3fea-c7ed-4a14-a921-02396ff7c1e1","_email":"abhaywani114@gmail.com","_firstName":"Abrar","_lastName":"Ajaz","globalRole":"global:owner","workflowId":"hBsnUNlPFokZt2Hc","workflowName":"ICS Workflow"}}
{"__type":"$$EventMessageConfirm","confirm":"a8ab0454-0d47-4f14-b71f-2afc1861d236","ts":"2025-05-14T10:44:19.431+05:30","source":{"id":"0","name":"eventBus"}}
{"__type":"$$EventMessageWorkflow","id":"36111d2f-2a20-49b3-b484-968a3cc8e49d","ts":"2025-05-14T10:44:42.467+05:30","eventName":"n8n.workflow.started","message":"n8n.workflow.started","payload":{"executionId":"27","workflowId":"hBsnUNlPFokZt2Hc","isManual":false,"workflowName":"ICS Workflow"}}
{"__type":"$$EventMessageConfirm","confirm":"36111d2f-2a20-49b3-b484-968a3cc8e49d","ts":"2025-05-14T10:44:42.467+05:30","source":{"id":"0","name":"eventBus"}}
{"__type":"$$EventMessageNode","id":"c087d8d6-477a-4df9-b1e6-c6dc3fec0f1a","ts":"2025-05-14T10:44:42.469+05:30","eventName":"n8n.node.started","message":"n8n.node.started","payload":{"workflowId":"hBsnUNlPFokZt2Hc","workflowName":"ICS Workflow","executionId":"27","nodeType":"n8n-nodes-base.readWriteFile","nodeName":"Save remote ics file"}}
{"__type":"$$EventMessageConfirm","confirm":"c087d8d6-477a-4df9-b1e6-c6dc3fec0f1a","ts":"2025-05-14T10:44:42.469+05:30","source":{"id":"0","name":"eventBus"}}
{"__type":"$$EventMessageNode","id":"82d20cf7-e6d7-4ec7-860a-d2c11099a66a","ts":"2025-05-14T10:44:42.471+05:30","eventName":"n8n.node.finished","message":"n8n.node.finished","payload":{"workflowId":"hBsnUNlPFokZt2Hc","workflowName":"ICS Workflow","executionId":"27","nodeType":"n8n-nodes-base.readWriteFile","nodeName":"Save remote ics file"}}
{"__type":"$$EventMessageConfirm","confirm":"82d20cf7-e6d7-4ec7-860a-d2c11099a66a","ts":"2025-05-14T10:44:42.471+05:30","source":{"id":"0","name":"eventBus"}}
{"__type":"$$EventMessageNode","id":"4bdf0369-3df3-4c1c-bef8-8cdb96b5b228","ts":"2025-05-14T10:44:42.472+05:30","eventName":"n8n.node.started","message":"n8n.node.started","payload":{"workflowId":"hBsnUNlPFokZt2Hc","workflowName":"ICS Workflow","executionId":"27","nodeType":"n8n-nodes-base.code","nodeName":"Code"}}
{"__type":"$$EventMessageConfirm","confirm":"4bdf0369-3df3-4c1c-bef8-8cdb96b5b228","ts":"2025-05-14T10:44:42.472+05:30","source":{"id":"0","name":"eventBus"}}
{"__type":"$$EventMessageNode","id":"c8520e57-4d97-4d5e-9d30-be1116a7278b","ts":"2025-05-14T10:44:42.493+05:30","eventName":"n8n.node.finished","message":"n8n.node.finished","payload":{"workflowId":"hBsnUNlPFokZt2Hc","workflowName":"ICS Workflow","executionId":"27","nodeType":"n8n-nodes-base.code","nodeName":"Code"}}
{"__type":"$$EventMessageConfirm","confirm":"c8520e57-4d97-4d5e-9d30-be1116a7278b","ts":"2025-05-14T10:44:42.493+05:30","source":{"id":"0","name":"eventBus"}}
{"__type":"$$EventMessageWorkflow","id":"6a94c530-fa9f-4c54-9187-7020f5af2439","ts":"2025-05-14T10:44:42.494+05:30","eventName":"n8n.workflow.failed","message":"n8n.workflow.failed","payload":{"executionId":"27","userId":"c4de3fea-c7ed-4a14-a921-02396ff7c1e1","success":false,"isManual":true,"workflowId":"hBsnUNlPFokZt2Hc","workflowName":"ICS Workflow","lastNodeExecuted":"Code","errorNodeType":"n8n-nodes-base.code","errorMessage":"Cannot find module 'fs' [line 2]"}}
{"__type":"$$EventMessageConfirm","confirm":"6a94c530-fa9f-4c54-9187-7020f5af2439","ts":"2025-05-14T10:44:42.494+05:30","source":{"id":"0","name":"eventBus"}}
{"__type":"$$EventMessageAudit","id":"7e847097-89ad-45a1-a815-c2ef296f6729","ts":"2025-05-14T10:44:49.266+05:30","eventName":"n8n.audit.workflow.updated","message":"n8n.audit.workflow.updated","payload":{"userId":"c4de3fea-c7ed-4a14-a921-02396ff7c1e1","_email":"abhaywani114@gmail.com","_firstName":"Abrar","_lastName":"Ajaz","globalRole":"global:owner","workflowId":"hBsnUNlPFokZt2Hc","workflowName":"ICS Workflow"}}
{"__type":"$$EventMessageConfirm","confirm":"7e847097-89ad-45a1-a815-c2ef296f6729","ts":"2025-05-14T10:44:49.266+05:30","source":{"id":"0","name":"eventBus"}}
