{"__type":"$$EventMessageWorkflow","id":"c9cb5b5e-6cf4-4167-8117-b8c75cc07833","ts":"2025-05-14T04:38:54.994+00:00","eventName":"n8n.workflow.started","message":"n8n.workflow.started","payload":{"executionId":"5","workflowId":"5yhsIDHmYpUtxMRb","isManual":false,"workflowName":"My workflow"}}
{"__type":"$$EventMessageConfirm","confirm":"c9cb5b5e-6cf4-4167-8117-b8c75cc07833","ts":"2025-05-14T04:38:54.995+00:00","source":{"id":"0","name":"eventBus"}}
{"__type":"$$EventMessageNode","id":"c48460f3-2fd9-4919-8604-6e55e285166a","ts":"2025-05-14T04:38:54.995+00:00","eventName":"n8n.node.started","message":"n8n.node.started","payload":{"workflowId":"5yhsIDHmYpUtxMRb","workflowName":"My workflow","executionId":"5","nodeType":"n8n-nodes-base.manualTrigger","nodeName":"When clicking ‘Test workflow’"}}
{"__type":"$$EventMessageConfirm","confirm":"c48460f3-2fd9-4919-8604-6e55e285166a","ts":"2025-05-14T04:38:54.996+00:00","source":{"id":"0","name":"eventBus"}}
{"__type":"$$EventMessageNode","id":"ff98da8d-a811-4237-b9dc-008ea837500a","ts":"2025-05-14T04:38:54.998+00:00","eventName":"n8n.node.finished","message":"n8n.node.finished","payload":{"workflowId":"5yhsIDHmYpUtxMRb","workflowName":"My workflow","executionId":"5","nodeType":"n8n-nodes-base.manualTrigger","nodeName":"When clicking ‘Test workflow’"}}
{"__type":"$$EventMessageConfirm","confirm":"ff98da8d-a811-4237-b9dc-008ea837500a","ts":"2025-05-14T04:38:54.999+00:00","source":{"id":"0","name":"eventBus"}}
{"__type":"$$EventMessageNode","id":"bc9ed040-4913-4d93-a995-98231c8ac897","ts":"2025-05-14T04:38:54.999+00:00","eventName":"n8n.node.started","message":"n8n.node.started","payload":{"workflowId":"5yhsIDHmYpUtxMRb","workflowName":"My workflow","executionId":"5","nodeType":"n8n-nodes-base.code","nodeName":"Code"}}
{"__type":"$$EventMessageConfirm","confirm":"bc9ed040-4913-4d93-a995-98231c8ac897","ts":"2025-05-14T04:38:54.999+00:00","source":{"id":"0","name":"eventBus"}}
{"__type":"$$EventMessageNode","id":"9192da69-6823-4abd-a14b-36a3d5989ef5","ts":"2025-05-14T10:08:55.013+05:30","eventName":"n8n.node.finished","message":"n8n.node.finished","payload":{"workflowId":"5yhsIDHmYpUtxMRb","workflowName":"My workflow","executionId":"5","nodeType":"n8n-nodes-base.code","nodeName":"Code"}}
{"__type":"$$EventMessageConfirm","confirm":"9192da69-6823-4abd-a14b-36a3d5989ef5","ts":"2025-05-14T10:08:55.013+05:30","source":{"id":"0","name":"eventBus"}}
{"__type":"$$EventMessageWorkflow","id":"c3a71910-ebb1-4c85-bf08-f1697f1b7a57","ts":"2025-05-14T10:08:55.016+05:30","eventName":"n8n.workflow.failed","message":"n8n.workflow.failed","payload":{"executionId":"5","userId":"c4de3fea-c7ed-4a14-a921-02396ff7c1e1","success":false,"isManual":true,"workflowId":"5yhsIDHmYpUtxMRb","workflowName":"My workflow","lastNodeExecuted":"Code","errorNodeType":"n8n-nodes-base.code","errorMessage":"Cannot find module 'lodash' [line 1]"}}
{"__type":"$$EventMessageConfirm","confirm":"c3a71910-ebb1-4c85-bf08-f1697f1b7a57","ts":"2025-05-14T10:08:55.016+05:30","source":{"id":"0","name":"eventBus"}}
{"__type":"$$EventMessageWorkflow","id":"1648d5ca-fff8-4b3d-bf66-d1b63e2247e5","ts":"2025-05-14T10:10:23.036+05:30","eventName":"n8n.workflow.started","message":"n8n.workflow.started","payload":{"executionId":"6","workflowId":"5yhsIDHmYpUtxMRb","isManual":false,"workflowName":"My workflow"}}
{"__type":"$$EventMessageConfirm","confirm":"1648d5ca-fff8-4b3d-bf66-d1b63e2247e5","ts":"2025-05-14T10:10:23.037+05:30","source":{"id":"0","name":"eventBus"}}
{"__type":"$$EventMessageNode","id":"4e137a90-928f-4afb-b685-053eec33f0d1","ts":"2025-05-14T10:10:23.037+05:30","eventName":"n8n.node.started","message":"n8n.node.started","payload":{"workflowId":"5yhsIDHmYpUtxMRb","workflowName":"My workflow","executionId":"6","nodeType":"n8n-nodes-base.code","nodeName":"Code"}}
{"__type":"$$EventMessageConfirm","confirm":"4e137a90-928f-4afb-b685-053eec33f0d1","ts":"2025-05-14T10:10:23.038+05:30","source":{"id":"0","name":"eventBus"}}
{"__type":"$$EventMessageNode","id":"57c425b1-c451-44af-84d1-c45bdeb60779","ts":"2025-05-14T10:10:23.058+05:30","eventName":"n8n.node.finished","message":"n8n.node.finished","payload":{"workflowId":"5yhsIDHmYpUtxMRb","workflowName":"My workflow","executionId":"6","nodeType":"n8n-nodes-base.code","nodeName":"Code"}}
{"__type":"$$EventMessageConfirm","confirm":"57c425b1-c451-44af-84d1-c45bdeb60779","ts":"2025-05-14T10:10:23.059+05:30","source":{"id":"0","name":"eventBus"}}
{"__type":"$$EventMessageWorkflow","id":"feef1c3a-f4cb-4053-8696-9e60cc0fb1dc","ts":"2025-05-14T10:10:23.072+05:30","eventName":"n8n.workflow.failed","message":"n8n.workflow.failed","payload":{"executionId":"6","userId":"c4de3fea-c7ed-4a14-a921-02396ff7c1e1","success":false,"isManual":true,"workflowId":"5yhsIDHmYpUtxMRb","workflowName":"My workflow","lastNodeExecuted":"Code","errorNodeType":"n8n-nodes-base.code","errorMessage":"Cannot find module 'lodash' [line 1]"}}
{"__type":"$$EventMessageConfirm","confirm":"feef1c3a-f4cb-4053-8696-9e60cc0fb1dc","ts":"2025-05-14T10:10:23.073+05:30","source":{"id":"0","name":"eventBus"}}
{"__type":"$$EventMessageWorkflow","id":"2191c8a0-aa94-48f4-b111-5639a8b65eb3","ts":"2025-05-14T10:10:23.926+05:30","eventName":"n8n.workflow.started","message":"n8n.workflow.started","payload":{"executionId":"7","workflowId":"5yhsIDHmYpUtxMRb","isManual":false,"workflowName":"My workflow"}}
{"__type":"$$EventMessageConfirm","confirm":"2191c8a0-aa94-48f4-b111-5639a8b65eb3","ts":"2025-05-14T10:10:23.926+05:30","source":{"id":"0","name":"eventBus"}}
{"__type":"$$EventMessageNode","id":"2096b2c2-5fba-47d0-9c5b-259acbda9674","ts":"2025-05-14T10:10:23.927+05:30","eventName":"n8n.node.started","message":"n8n.node.started","payload":{"workflowId":"5yhsIDHmYpUtxMRb","workflowName":"My workflow","executionId":"7","nodeType":"n8n-nodes-base.code","nodeName":"Code"}}
{"__type":"$$EventMessageConfirm","confirm":"2096b2c2-5fba-47d0-9c5b-259acbda9674","ts":"2025-05-14T10:10:23.927+05:30","source":{"id":"0","name":"eventBus"}}
{"__type":"$$EventMessageNode","id":"fbb072ae-01ca-4d7e-a461-fa573bfb6a54","ts":"2025-05-14T10:10:23.931+05:30","eventName":"n8n.node.finished","message":"n8n.node.finished","payload":{"workflowId":"5yhsIDHmYpUtxMRb","workflowName":"My workflow","executionId":"7","nodeType":"n8n-nodes-base.code","nodeName":"Code"}}
{"__type":"$$EventMessageConfirm","confirm":"fbb072ae-01ca-4d7e-a461-fa573bfb6a54","ts":"2025-05-14T10:10:23.931+05:30","source":{"id":"0","name":"eventBus"}}
{"__type":"$$EventMessageWorkflow","id":"e67152d7-037e-445d-b8ae-896dd4ce55e9","ts":"2025-05-14T10:10:23.932+05:30","eventName":"n8n.workflow.failed","message":"n8n.workflow.failed","payload":{"executionId":"7","userId":"c4de3fea-c7ed-4a14-a921-02396ff7c1e1","success":false,"isManual":true,"workflowId":"5yhsIDHmYpUtxMRb","workflowName":"My workflow","lastNodeExecuted":"Code","errorNodeType":"n8n-nodes-base.code","errorMessage":"Cannot find module 'lodash' [line 1]"}}
{"__type":"$$EventMessageConfirm","confirm":"e67152d7-037e-445d-b8ae-896dd4ce55e9","ts":"2025-05-14T10:10:23.932+05:30","source":{"id":"0","name":"eventBus"}}
{"__type":"$$EventMessageWorkflow","id":"41957d58-b56e-4700-b662-089bc6914318","ts":"2025-05-14T10:10:24.374+05:30","eventName":"n8n.workflow.started","message":"n8n.workflow.started","payload":{"executionId":"8","workflowId":"5yhsIDHmYpUtxMRb","isManual":false,"workflowName":"My workflow"}}
{"__type":"$$EventMessageConfirm","confirm":"41957d58-b56e-4700-b662-089bc6914318","ts":"2025-05-14T10:10:24.374+05:30","source":{"id":"0","name":"eventBus"}}
{"__type":"$$EventMessageNode","id":"755b736b-a8a5-4556-bc58-bfc6296195ca","ts":"2025-05-14T10:10:24.375+05:30","eventName":"n8n.node.started","message":"n8n.node.started","payload":{"workflowId":"5yhsIDHmYpUtxMRb","workflowName":"My workflow","executionId":"8","nodeType":"n8n-nodes-base.code","nodeName":"Code"}}
{"__type":"$$EventMessageConfirm","confirm":"755b736b-a8a5-4556-bc58-bfc6296195ca","ts":"2025-05-14T10:10:24.375+05:30","source":{"id":"0","name":"eventBus"}}
{"__type":"$$EventMessageNode","id":"e6974eae-bfe2-4679-b9c1-0a6c20af6266","ts":"2025-05-14T10:10:24.382+05:30","eventName":"n8n.node.finished","message":"n8n.node.finished","payload":{"workflowId":"5yhsIDHmYpUtxMRb","workflowName":"My workflow","executionId":"8","nodeType":"n8n-nodes-base.code","nodeName":"Code"}}
{"__type":"$$EventMessageConfirm","confirm":"e6974eae-bfe2-4679-b9c1-0a6c20af6266","ts":"2025-05-14T10:10:24.382+05:30","source":{"id":"0","name":"eventBus"}}
{"__type":"$$EventMessageWorkflow","id":"c25a85a0-33df-4738-83ed-d2876abb33d4","ts":"2025-05-14T10:10:24.383+05:30","eventName":"n8n.workflow.failed","message":"n8n.workflow.failed","payload":{"executionId":"8","userId":"c4de3fea-c7ed-4a14-a921-02396ff7c1e1","success":false,"isManual":true,"workflowId":"5yhsIDHmYpUtxMRb","workflowName":"My workflow","lastNodeExecuted":"Code","errorNodeType":"n8n-nodes-base.code","errorMessage":"Cannot find module 'lodash' [line 1]"}}
{"__type":"$$EventMessageConfirm","confirm":"c25a85a0-33df-4738-83ed-d2876abb33d4","ts":"2025-05-14T10:10:24.383+05:30","source":{"id":"0","name":"eventBus"}}
{"__type":"$$EventMessageWorkflow","id":"2afd5a3d-6cf4-40c8-9523-2f3c3445a453","ts":"2025-05-14T10:10:24.548+05:30","eventName":"n8n.workflow.started","message":"n8n.workflow.started","payload":{"executionId":"9","workflowId":"5yhsIDHmYpUtxMRb","isManual":false,"workflowName":"My workflow"}}
{"__type":"$$EventMessageConfirm","confirm":"2afd5a3d-6cf4-40c8-9523-2f3c3445a453","ts":"2025-05-14T10:10:24.548+05:30","source":{"id":"0","name":"eventBus"}}
{"__type":"$$EventMessageNode","id":"1a5a7dad-deac-485f-83c8-40803865040d","ts":"2025-05-14T10:10:24.548+05:30","eventName":"n8n.node.started","message":"n8n.node.started","payload":{"workflowId":"5yhsIDHmYpUtxMRb","workflowName":"My workflow","executionId":"9","nodeType":"n8n-nodes-base.code","nodeName":"Code"}}
{"__type":"$$EventMessageConfirm","confirm":"1a5a7dad-deac-485f-83c8-40803865040d","ts":"2025-05-14T10:10:24.548+05:30","source":{"id":"0","name":"eventBus"}}
{"__type":"$$EventMessageNode","id":"bf74f74d-a14e-46fe-84ab-fdc0b677e70c","ts":"2025-05-14T10:10:24.553+05:30","eventName":"n8n.node.finished","message":"n8n.node.finished","payload":{"workflowId":"5yhsIDHmYpUtxMRb","workflowName":"My workflow","executionId":"9","nodeType":"n8n-nodes-base.code","nodeName":"Code"}}
{"__type":"$$EventMessageConfirm","confirm":"bf74f74d-a14e-46fe-84ab-fdc0b677e70c","ts":"2025-05-14T10:10:24.553+05:30","source":{"id":"0","name":"eventBus"}}
{"__type":"$$EventMessageWorkflow","id":"22e106b5-c0ad-4917-9690-dd1885f128fa","ts":"2025-05-14T10:10:24.554+05:30","eventName":"n8n.workflow.failed","message":"n8n.workflow.failed","payload":{"executionId":"9","userId":"c4de3fea-c7ed-4a14-a921-02396ff7c1e1","success":false,"isManual":true,"workflowId":"5yhsIDHmYpUtxMRb","workflowName":"My workflow","lastNodeExecuted":"Code","errorNodeType":"n8n-nodes-base.code","errorMessage":"Cannot find module 'lodash' [line 1]"}}
{"__type":"$$EventMessageConfirm","confirm":"22e106b5-c0ad-4917-9690-dd1885f128fa","ts":"2025-05-14T10:10:24.554+05:30","source":{"id":"0","name":"eventBus"}}
{"__type":"$$EventMessageWorkflow","id":"df5533f0-6c73-4691-b880-b7fee685d1a6","ts":"2025-05-14T10:10:24.759+05:30","eventName":"n8n.workflow.started","message":"n8n.workflow.started","payload":{"executionId":"10","workflowId":"5yhsIDHmYpUtxMRb","isManual":false,"workflowName":"My workflow"}}
{"__type":"$$EventMessageConfirm","confirm":"df5533f0-6c73-4691-b880-b7fee685d1a6","ts":"2025-05-14T10:10:24.759+05:30","source":{"id":"0","name":"eventBus"}}
{"__type":"$$EventMessageNode","id":"4af2b863-e8c4-42d4-beb8-2728325fa62b","ts":"2025-05-14T10:10:24.759+05:30","eventName":"n8n.node.started","message":"n8n.node.started","payload":{"workflowId":"5yhsIDHmYpUtxMRb","workflowName":"My workflow","executionId":"10","nodeType":"n8n-nodes-base.code","nodeName":"Code"}}
{"__type":"$$EventMessageConfirm","confirm":"4af2b863-e8c4-42d4-beb8-2728325fa62b","ts":"2025-05-14T10:10:24.759+05:30","source":{"id":"0","name":"eventBus"}}
{"__type":"$$EventMessageNode","id":"538676f6-3ccf-4f4e-8a26-88f1695b7ad4","ts":"2025-05-14T10:10:24.763+05:30","eventName":"n8n.node.finished","message":"n8n.node.finished","payload":{"workflowId":"5yhsIDHmYpUtxMRb","workflowName":"My workflow","executionId":"10","nodeType":"n8n-nodes-base.code","nodeName":"Code"}}
{"__type":"$$EventMessageConfirm","confirm":"538676f6-3ccf-4f4e-8a26-88f1695b7ad4","ts":"2025-05-14T10:10:24.763+05:30","source":{"id":"0","name":"eventBus"}}
{"__type":"$$EventMessageWorkflow","id":"8129b9ee-3f86-4fa4-9d79-a85f22f216cd","ts":"2025-05-14T10:10:24.764+05:30","eventName":"n8n.workflow.failed","message":"n8n.workflow.failed","payload":{"executionId":"10","userId":"c4de3fea-c7ed-4a14-a921-02396ff7c1e1","success":false,"isManual":true,"workflowId":"5yhsIDHmYpUtxMRb","workflowName":"My workflow","lastNodeExecuted":"Code","errorNodeType":"n8n-nodes-base.code","errorMessage":"Cannot find module 'lodash' [line 1]"}}
{"__type":"$$EventMessageConfirm","confirm":"8129b9ee-3f86-4fa4-9d79-a85f22f216cd","ts":"2025-05-14T10:10:24.764+05:30","source":{"id":"0","name":"eventBus"}}
{"__type":"$$EventMessageWorkflow","id":"0e13ce3b-1ccf-48fd-bb4d-0f203281a97d","ts":"2025-05-14T10:10:24.983+05:30","eventName":"n8n.workflow.started","message":"n8n.workflow.started","payload":{"executionId":"11","workflowId":"5yhsIDHmYpUtxMRb","isManual":false,"workflowName":"My workflow"}}
{"__type":"$$EventMessageConfirm","confirm":"0e13ce3b-1ccf-48fd-bb4d-0f203281a97d","ts":"2025-05-14T10:10:24.983+05:30","source":{"id":"0","name":"eventBus"}}
{"__type":"$$EventMessageNode","id":"e47cf0fa-46a2-4dfd-94b4-2ec66f140b85","ts":"2025-05-14T10:10:24.983+05:30","eventName":"n8n.node.started","message":"n8n.node.started","payload":{"workflowId":"5yhsIDHmYpUtxMRb","workflowName":"My workflow","executionId":"11","nodeType":"n8n-nodes-base.code","nodeName":"Code"}}
{"__type":"$$EventMessageConfirm","confirm":"e47cf0fa-46a2-4dfd-94b4-2ec66f140b85","ts":"2025-05-14T10:10:24.984+05:30","source":{"id":"0","name":"eventBus"}}
{"__type":"$$EventMessageNode","id":"b94d4a5e-8160-4787-a86f-b28ac90a6e89","ts":"2025-05-14T10:10:24.990+05:30","eventName":"n8n.node.finished","message":"n8n.node.finished","payload":{"workflowId":"5yhsIDHmYpUtxMRb","workflowName":"My workflow","executionId":"11","nodeType":"n8n-nodes-base.code","nodeName":"Code"}}
{"__type":"$$EventMessageConfirm","confirm":"b94d4a5e-8160-4787-a86f-b28ac90a6e89","ts":"2025-05-14T10:10:24.990+05:30","source":{"id":"0","name":"eventBus"}}
{"__type":"$$EventMessageWorkflow","id":"fa64ebfa-53bf-48f6-9377-14d96ba223fb","ts":"2025-05-14T10:10:24.991+05:30","eventName":"n8n.workflow.failed","message":"n8n.workflow.failed","payload":{"executionId":"11","userId":"c4de3fea-c7ed-4a14-a921-02396ff7c1e1","success":false,"isManual":true,"workflowId":"5yhsIDHmYpUtxMRb","workflowName":"My workflow","lastNodeExecuted":"Code","errorNodeType":"n8n-nodes-base.code","errorMessage":"Cannot find module 'lodash' [line 1]"}}
{"__type":"$$EventMessageConfirm","confirm":"fa64ebfa-53bf-48f6-9377-14d96ba223fb","ts":"2025-05-14T10:10:24.991+05:30","source":{"id":"0","name":"eventBus"}}
{"__type":"$$EventMessageWorkflow","id":"c7a468dc-b936-4dd0-92dd-50efc2e72b8f","ts":"2025-05-14T10:10:38.424+05:30","eventName":"n8n.workflow.started","message":"n8n.workflow.started","payload":{"executionId":"12","workflowId":"5yhsIDHmYpUtxMRb","isManual":false,"workflowName":"My workflow"}}
{"__type":"$$EventMessageConfirm","confirm":"c7a468dc-b936-4dd0-92dd-50efc2e72b8f","ts":"2025-05-14T10:10:38.424+05:30","source":{"id":"0","name":"eventBus"}}
{"__type":"$$EventMessageNode","id":"e83cbeab-f5ee-47f8-b9eb-593da795c3ce","ts":"2025-05-14T10:10:38.424+05:30","eventName":"n8n.node.started","message":"n8n.node.started","payload":{"workflowId":"5yhsIDHmYpUtxMRb","workflowName":"My workflow","executionId":"12","nodeType":"n8n-nodes-base.code","nodeName":"Code"}}
{"__type":"$$EventMessageConfirm","confirm":"e83cbeab-f5ee-47f8-b9eb-593da795c3ce","ts":"2025-05-14T10:10:38.424+05:30","source":{"id":"0","name":"eventBus"}}
{"__type":"$$EventMessageNode","id":"2a17d7c7-ee06-402f-8cc6-2691b827f3cc","ts":"2025-05-14T10:10:38.429+05:30","eventName":"n8n.node.finished","message":"n8n.node.finished","payload":{"workflowId":"5yhsIDHmYpUtxMRb","workflowName":"My workflow","executionId":"12","nodeType":"n8n-nodes-base.code","nodeName":"Code"}}
{"__type":"$$EventMessageConfirm","confirm":"2a17d7c7-ee06-402f-8cc6-2691b827f3cc","ts":"2025-05-14T10:10:38.429+05:30","source":{"id":"0","name":"eventBus"}}
{"__type":"$$EventMessageWorkflow","id":"16e3db7f-d4dd-4d35-831a-ba92fdf57e83","ts":"2025-05-14T10:10:38.430+05:30","eventName":"n8n.workflow.failed","message":"n8n.workflow.failed","payload":{"executionId":"12","userId":"c4de3fea-c7ed-4a14-a921-02396ff7c1e1","success":false,"isManual":true,"workflowId":"5yhsIDHmYpUtxMRb","workflowName":"My workflow","lastNodeExecuted":"Code","errorNodeType":"n8n-nodes-base.code","errorMessage":"Cannot find module 'lodash' [line 1]"}}
{"__type":"$$EventMessageConfirm","confirm":"16e3db7f-d4dd-4d35-831a-ba92fdf57e83","ts":"2025-05-14T10:10:38.430+05:30","source":{"id":"0","name":"eventBus"}}
{"__type":"$$EventMessageWorkflow","id":"ad7b41e0-0679-43e4-8c31-9257a6533842","ts":"2025-05-14T10:10:39.287+05:30","eventName":"n8n.workflow.started","message":"n8n.workflow.started","payload":{"executionId":"13","workflowId":"5yhsIDHmYpUtxMRb","isManual":false,"workflowName":"My workflow"}}
{"__type":"$$EventMessageConfirm","confirm":"ad7b41e0-0679-43e4-8c31-9257a6533842","ts":"2025-05-14T10:10:39.287+05:30","source":{"id":"0","name":"eventBus"}}
{"__type":"$$EventMessageNode","id":"7b7bdc60-e415-4439-920d-8bcfe61bebfa","ts":"2025-05-14T10:10:39.287+05:30","eventName":"n8n.node.started","message":"n8n.node.started","payload":{"workflowId":"5yhsIDHmYpUtxMRb","workflowName":"My workflow","executionId":"13","nodeType":"n8n-nodes-base.code","nodeName":"Code"}}
{"__type":"$$EventMessageConfirm","confirm":"7b7bdc60-e415-4439-920d-8bcfe61bebfa","ts":"2025-05-14T10:10:39.287+05:30","source":{"id":"0","name":"eventBus"}}
{"__type":"$$EventMessageNode","id":"47fefb35-22e5-416b-912e-8fba19615e4f","ts":"2025-05-14T10:10:39.292+05:30","eventName":"n8n.node.finished","message":"n8n.node.finished","payload":{"workflowId":"5yhsIDHmYpUtxMRb","workflowName":"My workflow","executionId":"13","nodeType":"n8n-nodes-base.code","nodeName":"Code"}}
{"__type":"$$EventMessageConfirm","confirm":"47fefb35-22e5-416b-912e-8fba19615e4f","ts":"2025-05-14T10:10:39.292+05:30","source":{"id":"0","name":"eventBus"}}
{"__type":"$$EventMessageWorkflow","id":"97a581b6-5dd3-4abb-bba2-3df8f5c9089a","ts":"2025-05-14T10:10:39.294+05:30","eventName":"n8n.workflow.failed","message":"n8n.workflow.failed","payload":{"executionId":"13","userId":"c4de3fea-c7ed-4a14-a921-02396ff7c1e1","success":false,"isManual":true,"workflowId":"5yhsIDHmYpUtxMRb","workflowName":"My workflow","lastNodeExecuted":"Code","errorNodeType":"n8n-nodes-base.code","errorMessage":"Cannot find module 'lodash' [line 1]"}}
{"__type":"$$EventMessageConfirm","confirm":"97a581b6-5dd3-4abb-bba2-3df8f5c9089a","ts":"2025-05-14T10:10:39.294+05:30","source":{"id":"0","name":"eventBus"}}
{"__type":"$$EventMessageWorkflow","id":"78e0c010-b66d-4995-8795-9367d86c9b57","ts":"2025-05-14T10:10:39.515+05:30","eventName":"n8n.workflow.started","message":"n8n.workflow.started","payload":{"executionId":"14","workflowId":"5yhsIDHmYpUtxMRb","isManual":false,"workflowName":"My workflow"}}
{"__type":"$$EventMessageConfirm","confirm":"78e0c010-b66d-4995-8795-9367d86c9b57","ts":"2025-05-14T10:10:39.515+05:30","source":{"id":"0","name":"eventBus"}}
{"__type":"$$EventMessageNode","id":"20898490-1ac4-47ca-a2b8-a7a6b2bd301f","ts":"2025-05-14T10:10:39.515+05:30","eventName":"n8n.node.started","message":"n8n.node.started","payload":{"workflowId":"5yhsIDHmYpUtxMRb","workflowName":"My workflow","executionId":"14","nodeType":"n8n-nodes-base.code","nodeName":"Code"}}
{"__type":"$$EventMessageConfirm","confirm":"20898490-1ac4-47ca-a2b8-a7a6b2bd301f","ts":"2025-05-14T10:10:39.515+05:30","source":{"id":"0","name":"eventBus"}}
{"__type":"$$EventMessageNode","id":"6427e62f-0eb5-4de3-95d1-dc977e2a72f4","ts":"2025-05-14T10:10:39.520+05:30","eventName":"n8n.node.finished","message":"n8n.node.finished","payload":{"workflowId":"5yhsIDHmYpUtxMRb","workflowName":"My workflow","executionId":"14","nodeType":"n8n-nodes-base.code","nodeName":"Code"}}
{"__type":"$$EventMessageConfirm","confirm":"6427e62f-0eb5-4de3-95d1-dc977e2a72f4","ts":"2025-05-14T10:10:39.520+05:30","source":{"id":"0","name":"eventBus"}}
{"__type":"$$EventMessageWorkflow","id":"c2a0fff9-22ae-4b9a-87af-7079016c1d0e","ts":"2025-05-14T10:10:39.521+05:30","eventName":"n8n.workflow.failed","message":"n8n.workflow.failed","payload":{"executionId":"14","userId":"c4de3fea-c7ed-4a14-a921-02396ff7c1e1","success":false,"isManual":true,"workflowId":"5yhsIDHmYpUtxMRb","workflowName":"My workflow","lastNodeExecuted":"Code","errorNodeType":"n8n-nodes-base.code","errorMessage":"Cannot find module 'lodash' [line 1]"}}
{"__type":"$$EventMessageConfirm","confirm":"c2a0fff9-22ae-4b9a-87af-7079016c1d0e","ts":"2025-05-14T10:10:39.521+05:30","source":{"id":"0","name":"eventBus"}}
