{"__type":"$$EventMessageAudit","id":"c286b85d-88fd-4ade-9ff9-2a8267229d09","ts":"2025-05-14T04:34:08.262+00:00","eventName":"n8n.audit.workflow.created","message":"n8n.audit.workflow.created","payload":{"userId":"c4de3fea-c7ed-4a14-a921-02396ff7c1e1","_email":"abhaywani114@gmail.com","_firstName":"Abrar","_lastName":"Ajaz","globalRole":"global:owner","workflowId":"5yhsIDHmYpUtxMRb","workflowName":"My workflow"}}
{"__type":"$$EventMessageConfirm","confirm":"c286b85d-88fd-4ade-9ff9-2a8267229d09","ts":"2025-05-14T04:34:08.271+00:00","source":{"id":"0","name":"eventBus"}}
{"__type":"$$EventMessageWorkflow","id":"eb4a6a02-29d9-4297-8c98-3bc9268fcd2a","ts":"2025-05-14T04:34:08.370+00:00","eventName":"n8n.workflow.started","message":"n8n.workflow.started","payload":{"executionId":"1","workflowId":"5yhsIDHmYpUtxMRb","isManual":false,"workflowName":"My workflow"}}
{"__type":"$$EventMessageConfirm","confirm":"eb4a6a02-29d9-4297-8c98-3bc9268fcd2a","ts":"2025-05-14T04:34:08.370+00:00","source":{"id":"0","name":"eventBus"}}
{"__type":"$$EventMessageNode","id":"6ef72357-cf96-48fb-9b28-7d225ae5efd3","ts":"2025-05-14T04:34:08.371+00:00","eventName":"n8n.node.started","message":"n8n.node.started","payload":{"workflowId":"5yhsIDHmYpUtxMRb","workflowName":"My workflow","executionId":"1","nodeType":"n8n-nodes-base.manualTrigger","nodeName":"When clicking ‘Test workflow’"}}
{"__type":"$$EventMessageConfirm","confirm":"6ef72357-cf96-48fb-9b28-7d225ae5efd3","ts":"2025-05-14T04:34:08.371+00:00","source":{"id":"0","name":"eventBus"}}
{"__type":"$$EventMessageNode","id":"baa883b8-a5ca-4555-9d59-b3308d3962d4","ts":"2025-05-14T04:34:08.373+00:00","eventName":"n8n.node.finished","message":"n8n.node.finished","payload":{"workflowId":"5yhsIDHmYpUtxMRb","workflowName":"My workflow","executionId":"1","nodeType":"n8n-nodes-base.manualTrigger","nodeName":"When clicking ‘Test workflow’"}}
{"__type":"$$EventMessageConfirm","confirm":"baa883b8-a5ca-4555-9d59-b3308d3962d4","ts":"2025-05-14T04:34:08.373+00:00","source":{"id":"0","name":"eventBus"}}
{"__type":"$$EventMessageNode","id":"22410796-c3ac-43a3-bd88-8c659a61741c","ts":"2025-05-14T04:34:08.374+00:00","eventName":"n8n.node.started","message":"n8n.node.started","payload":{"workflowId":"5yhsIDHmYpUtxMRb","workflowName":"My workflow","executionId":"1","nodeType":"n8n-nodes-base.code","nodeName":"Code"}}
{"__type":"$$EventMessageConfirm","confirm":"22410796-c3ac-43a3-bd88-8c659a61741c","ts":"2025-05-14T04:34:08.374+00:00","source":{"id":"0","name":"eventBus"}}
{"__type":"$$EventMessageNode","id":"a824cc70-938c-4b60-ac41-bf5d7f10c944","ts":"2025-05-14T10:04:08.395+05:30","eventName":"n8n.node.finished","message":"n8n.node.finished","payload":{"workflowId":"5yhsIDHmYpUtxMRb","workflowName":"My workflow","executionId":"1","nodeType":"n8n-nodes-base.code","nodeName":"Code"}}
{"__type":"$$EventMessageConfirm","confirm":"a824cc70-938c-4b60-ac41-bf5d7f10c944","ts":"2025-05-14T10:04:08.395+05:30","source":{"id":"0","name":"eventBus"}}
{"__type":"$$EventMessageWorkflow","id":"ae2891f3-fbb7-4e34-9dc3-b34ad5e7e7c1","ts":"2025-05-14T10:04:08.399+05:30","eventName":"n8n.workflow.success","message":"n8n.workflow.success","payload":{"executionId":"1","userId":"c4de3fea-c7ed-4a14-a921-02396ff7c1e1","success":true,"isManual":true,"workflowId":"5yhsIDHmYpUtxMRb","workflowName":"My workflow"}}
{"__type":"$$EventMessageConfirm","confirm":"ae2891f3-fbb7-4e34-9dc3-b34ad5e7e7c1","ts":"2025-05-14T10:04:08.400+05:30","source":{"id":"0","name":"eventBus"}}
{"__type":"$$EventMessageWorkflow","id":"48b1dfad-5757-47fa-b68c-a8d21fb5a55d","ts":"2025-05-14T10:04:42.782+05:30","eventName":"n8n.workflow.started","message":"n8n.workflow.started","payload":{"executionId":"2","workflowId":"5yhsIDHmYpUtxMRb","isManual":false,"workflowName":"My workflow"}}
{"__type":"$$EventMessageConfirm","confirm":"48b1dfad-5757-47fa-b68c-a8d21fb5a55d","ts":"2025-05-14T10:04:42.783+05:30","source":{"id":"0","name":"eventBus"}}
{"__type":"$$EventMessageNode","id":"33d7dd33-b080-4046-99aa-28f9e616b0df","ts":"2025-05-14T10:04:42.783+05:30","eventName":"n8n.node.started","message":"n8n.node.started","payload":{"workflowId":"5yhsIDHmYpUtxMRb","workflowName":"My workflow","executionId":"2","nodeType":"n8n-nodes-base.code","nodeName":"Code"}}
{"__type":"$$EventMessageConfirm","confirm":"33d7dd33-b080-4046-99aa-28f9e616b0df","ts":"2025-05-14T10:04:42.783+05:30","source":{"id":"0","name":"eventBus"}}
{"__type":"$$EventMessageNode","id":"bd31ba3c-907f-43f0-ba90-b61a98a8d03f","ts":"2025-05-14T10:04:42.797+05:30","eventName":"n8n.node.finished","message":"n8n.node.finished","payload":{"workflowId":"5yhsIDHmYpUtxMRb","workflowName":"My workflow","executionId":"2","nodeType":"n8n-nodes-base.code","nodeName":"Code"}}
{"__type":"$$EventMessageConfirm","confirm":"bd31ba3c-907f-43f0-ba90-b61a98a8d03f","ts":"2025-05-14T10:04:42.797+05:30","source":{"id":"0","name":"eventBus"}}
{"__type":"$$EventMessageWorkflow","id":"8636a2c4-4f8d-4941-a285-fe93e7e90a22","ts":"2025-05-14T10:04:42.799+05:30","eventName":"n8n.workflow.failed","message":"n8n.workflow.failed","payload":{"executionId":"2","userId":"c4de3fea-c7ed-4a14-a921-02396ff7c1e1","success":false,"isManual":true,"workflowId":"5yhsIDHmYpUtxMRb","workflowName":"My workflow","lastNodeExecuted":"Code","errorNodeType":"n8n-nodes-base.code","errorMessage":"Code doesn't return items properly"}}
{"__type":"$$EventMessageConfirm","confirm":"8636a2c4-4f8d-4941-a285-fe93e7e90a22","ts":"2025-05-14T10:04:42.799+05:30","source":{"id":"0","name":"eventBus"}}
{"__type":"$$EventMessageWorkflow","id":"b9dfe2d9-36a9-4c2b-a27c-ed7ae5d6e621","ts":"2025-05-14T10:04:50.686+05:30","eventName":"n8n.workflow.started","message":"n8n.workflow.started","payload":{"executionId":"3","workflowId":"5yhsIDHmYpUtxMRb","isManual":false,"workflowName":"My workflow"}}
{"__type":"$$EventMessageConfirm","confirm":"b9dfe2d9-36a9-4c2b-a27c-ed7ae5d6e621","ts":"2025-05-14T10:04:50.686+05:30","source":{"id":"0","name":"eventBus"}}
{"__type":"$$EventMessageNode","id":"539034e6-671b-408a-95b7-81d9a8796a52","ts":"2025-05-14T10:04:50.686+05:30","eventName":"n8n.node.started","message":"n8n.node.started","payload":{"workflowId":"5yhsIDHmYpUtxMRb","workflowName":"My workflow","executionId":"3","nodeType":"n8n-nodes-base.code","nodeName":"Code"}}
{"__type":"$$EventMessageConfirm","confirm":"539034e6-671b-408a-95b7-81d9a8796a52","ts":"2025-05-14T10:04:50.686+05:30","source":{"id":"0","name":"eventBus"}}
{"__type":"$$EventMessageNode","id":"e7f703d4-8dd1-477c-914d-5db7f732b9d4","ts":"2025-05-14T10:04:50.690+05:30","eventName":"n8n.node.finished","message":"n8n.node.finished","payload":{"workflowId":"5yhsIDHmYpUtxMRb","workflowName":"My workflow","executionId":"3","nodeType":"n8n-nodes-base.code","nodeName":"Code"}}
{"__type":"$$EventMessageConfirm","confirm":"e7f703d4-8dd1-477c-914d-5db7f732b9d4","ts":"2025-05-14T10:04:50.690+05:30","source":{"id":"0","name":"eventBus"}}
{"__type":"$$EventMessageWorkflow","id":"0c0a4717-b53d-46d6-b750-37b273f6f272","ts":"2025-05-14T10:04:50.691+05:30","eventName":"n8n.workflow.success","message":"n8n.workflow.success","payload":{"executionId":"3","userId":"c4de3fea-c7ed-4a14-a921-02396ff7c1e1","success":true,"isManual":true,"workflowId":"5yhsIDHmYpUtxMRb","workflowName":"My workflow"}}
{"__type":"$$EventMessageConfirm","confirm":"0c0a4717-b53d-46d6-b750-37b273f6f272","ts":"2025-05-14T10:04:50.691+05:30","source":{"id":"0","name":"eventBus"}}
{"__type":"$$EventMessageWorkflow","id":"634bc99b-c971-49cb-aea2-178be93d1dfe","ts":"2025-05-14T10:05:00.464+05:30","eventName":"n8n.workflow.started","message":"n8n.workflow.started","payload":{"executionId":"4","workflowId":"5yhsIDHmYpUtxMRb","isManual":false,"workflowName":"My workflow"}}
{"__type":"$$EventMessageConfirm","confirm":"634bc99b-c971-49cb-aea2-178be93d1dfe","ts":"2025-05-14T10:05:00.464+05:30","source":{"id":"0","name":"eventBus"}}
{"__type":"$$EventMessageNode","id":"b13e56a7-f7eb-4acc-82c4-ad7cebf6ad64","ts":"2025-05-14T10:05:00.465+05:30","eventName":"n8n.node.started","message":"n8n.node.started","payload":{"workflowId":"5yhsIDHmYpUtxMRb","workflowName":"My workflow","executionId":"4","nodeType":"n8n-nodes-base.code","nodeName":"Code"}}
{"__type":"$$EventMessageConfirm","confirm":"b13e56a7-f7eb-4acc-82c4-ad7cebf6ad64","ts":"2025-05-14T10:05:00.465+05:30","source":{"id":"0","name":"eventBus"}}
{"__type":"$$EventMessageNode","id":"e358db00-e234-404c-aad5-15061a3a4582","ts":"2025-05-14T10:05:00.499+05:30","eventName":"n8n.node.finished","message":"n8n.node.finished","payload":{"workflowId":"5yhsIDHmYpUtxMRb","workflowName":"My workflow","executionId":"4","nodeType":"n8n-nodes-base.code","nodeName":"Code"}}
{"__type":"$$EventMessageConfirm","confirm":"e358db00-e234-404c-aad5-15061a3a4582","ts":"2025-05-14T10:05:00.500+05:30","source":{"id":"0","name":"eventBus"}}
{"__type":"$$EventMessageWorkflow","id":"d05e301c-8c95-49cc-95c5-0f53aa029118","ts":"2025-05-14T10:05:00.524+05:30","eventName":"n8n.workflow.failed","message":"n8n.workflow.failed","payload":{"executionId":"4","userId":"c4de3fea-c7ed-4a14-a921-02396ff7c1e1","success":false,"isManual":true,"workflowId":"5yhsIDHmYpUtxMRb","workflowName":"My workflow","lastNodeExecuted":"Code","errorMessage":"Cannot read properties of undefined (reading 'name')"}}
{"__type":"$$EventMessageConfirm","confirm":"d05e301c-8c95-49cc-95c5-0f53aa029118","ts":"2025-05-14T10:05:00.524+05:30","source":{"id":"0","name":"eventBus"}}
